<?xml version="1.0" encoding="UTF-8"?>
<!-- Generated by org.testng.reporters.JUnitXMLReporter -->
<testsuite hostname="W1013WDSQ2" ignored="0" name="POMTest" tests="3" failures="0" timestamp="23 Sep 2020 02:54:34 GMT" time="0.082" errors="0">
  <testcase name="@BeforeMethod SetUpTest" time="0.0" classname="com.mytests.BaseTest">
    <failure type="org.testng.TestNGException" message="
Parameter &amp;apos;browser&amp;apos; is required by BeforeMethod on method SetUpTest but has not been marked @Optional or defined
in C:\Git_Project\OOPConceptInPOM\src\main\resources\testng_sanity.xml">
      <![CDATA[org.testng.TestNGException: 
Parameter 'browser' is required by BeforeMethod on method SetUpTest but has not been marked @Optional or defined
in C:\Git_Project\OOPConceptInPOM\src\main\resources\testng_sanity.xml
... Removed 25 stack frames]]>
    </failure>
  </testcase> <!-- @BeforeMethod SetUpTest -->
  <testcase name="@AfterMethod tearDown" time="0.0" classname="com.mytests.BaseTest">
    <skipped/>
  </testcase> <!-- @AfterMethod tearDown -->
  <testcase name="@BeforeMethod SetUpTest" time="0.0" classname="com.mytests.BaseTest">
    <skipped/>
  </testcase> <!-- @BeforeMethod SetUpTest -->
  <testcase name="@AfterMethod tearDown" time="0.0" classname="com.mytests.BaseTest">
    <skipped/>
  </testcase> <!-- @AfterMethod tearDown -->
  <testcase name="@BeforeMethod SetUpTest" time="0.0" classname="com.mytests.BaseTest">
    <skipped/>
  </testcase> <!-- @BeforeMethod SetUpTest -->
  <testcase name="@AfterMethod tearDown" time="0.0" classname="com.mytests.BaseTest">
    <skipped/>
  </testcase> <!-- @AfterMethod tearDown -->
  <testcase name="verifyLoginPageTitleTest" time="0.0" classname="com.mytests.LoginTest">
    <skipped/>
  </testcase> <!-- verifyLoginPageTitleTest -->
  <testcase name="verifyLoginPageHeaderTest" time="0.0" classname="com.mytests.LoginTest">
    <skipped/>
  </testcase> <!-- verifyLoginPageHeaderTest -->
  <testcase name="dologinTest" time="0.0" classname="com.mytests.LoginTest">
    <skipped/>
  </testcase> <!-- dologinTest -->
</testsuite> <!-- POMTest -->
